  stdafx.cpp
  Timeline.cpp
c:\users\zieiony\documents\github\okaktualny\optymalkombin\jobshop\jobshop\timeline.cpp(21): warning C4018: '>=': signed/unsigned mismatch
c:\users\zieiony\documents\github\okaktualny\optymalkombin\jobshop\jobshop\timeline.cpp(33): warning C4244: 'initializing': conversion from 'double' to 'int', possible loss of data
c:\users\zieiony\documents\github\okaktualny\optymalkombin\jobshop\jobshop\timeline.cpp(54): warning C4018: '>=': signed/unsigned mismatch
c:\users\zieiony\documents\github\okaktualny\optymalkombin\jobshop\jobshop\timeline.cpp(76): warning C4018: '<': signed/unsigned mismatch
c:\users\zieiony\documents\github\okaktualny\optymalkombin\jobshop\jobshop\timeline.cpp(96): warning C4018: '>': signed/unsigned mismatch
c:\users\zieiony\documents\github\okaktualny\optymalkombin\jobshop\jobshop\timeline.cpp(128): warning C4018: '<': signed/unsigned mismatch
c:\users\zieiony\documents\github\okaktualny\optymalkombin\jobshop\jobshop\timeline.cpp(303): warning C4018: '<': signed/unsigned mismatch
c:\users\zieiony\documents\github\okaktualny\optymalkombin\jobshop\jobshop\timeline.cpp(338): warning C4018: '<': signed/unsigned mismatch
c:\users\zieiony\documents\github\okaktualny\optymalkombin\jobshop\jobshop\timeline.cpp(355): warning C4018: '<': signed/unsigned mismatch
c:\users\zieiony\documents\github\okaktualny\optymalkombin\jobshop\jobshop\timeline.cpp(467): warning C4018: '<': signed/unsigned mismatch
c:\users\zieiony\documents\github\okaktualny\optymalkombin\jobshop\jobshop\timeline.cpp(474): warning C4018: '<': signed/unsigned mismatch
c:\users\zieiony\documents\github\okaktualny\optymalkombin\jobshop\jobshop\timeline.cpp(487): warning C4018: '<': signed/unsigned mismatch
c:\users\zieiony\documents\github\okaktualny\optymalkombin\jobshop\jobshop\timeline.cpp(509): warning C4018: '<': signed/unsigned mismatch
c:\users\zieiony\documents\github\okaktualny\optymalkombin\jobshop\jobshop\timeline.cpp(534): warning C4018: '<': signed/unsigned mismatch
c:\users\zieiony\documents\github\okaktualny\optymalkombin\jobshop\jobshop\timeline.cpp(552): warning C4018: '<': signed/unsigned mismatch
c:\users\zieiony\documents\github\okaktualny\optymalkombin\jobshop\jobshop\timeline.cpp(567): warning C4018: '<': signed/unsigned mismatch
c:\users\zieiony\documents\github\okaktualny\optymalkombin\jobshop\jobshop\timeline.cpp(583): warning C4018: '<': signed/unsigned mismatch
c:\users\zieiony\documents\github\okaktualny\optymalkombin\jobshop\jobshop\timeline.cpp(597): warning C4018: '<': signed/unsigned mismatch
c:\users\zieiony\documents\github\okaktualny\optymalkombin\jobshop\jobshop\timeline.cpp(623): warning C4018: '<': signed/unsigned mismatch
c:\users\zieiony\documents\github\okaktualny\optymalkombin\jobshop\jobshop\timeline.cpp(645): warning C4018: '<': signed/unsigned mismatch
c:\users\zieiony\documents\github\okaktualny\optymalkombin\jobshop\jobshop\timeline.cpp(717): warning C4018: '<': signed/unsigned mismatch
c:\users\zieiony\documents\github\okaktualny\optymalkombin\jobshop\jobshop\timeline.cpp(890): warning C4018: '<': signed/unsigned mismatch
c:\users\zieiony\documents\github\okaktualny\optymalkombin\jobshop\jobshop\timeline.cpp(903): warning C4018: '<': signed/unsigned mismatch
c:\users\zieiony\documents\github\okaktualny\optymalkombin\jobshop\jobshop\timeline.cpp(917): warning C4018: '<': signed/unsigned mismatch
c:\users\zieiony\documents\github\okaktualny\optymalkombin\jobshop\jobshop\timeline.cpp(924): warning C4018: '<': signed/unsigned mismatch
  Task.cpp
  Mutation.cpp
c:\users\zieiony\documents\github\okaktualny\optymalkombin\jobshop\jobshop\mutation.cpp(7): warning C4244: 'argument': conversion from 'time_t' to 'unsigned int', possible loss of data
c:\users\zieiony\documents\github\okaktualny\optymalkombin\jobshop\jobshop\mutation.cpp(35): error C2248: 'Generator::tab': cannot access protected member declared in class 'Generator'
  c:\users\zieiony\documents\github\okaktualny\optymalkombin\jobshop\jobshop\generator.h(33): note: see declaration of 'Generator::tab'
  c:\users\zieiony\documents\github\okaktualny\optymalkombin\jobshop\jobshop\generator.h(5): note: see declaration of 'Generator'
c:\users\zieiony\documents\github\okaktualny\optymalkombin\jobshop\jobshop\mutation.cpp(35): warning C4018: '<': signed/unsigned mismatch
c:\users\zieiony\documents\github\okaktualny\optymalkombin\jobshop\jobshop\mutation.cpp(36): error C2248: 'Generator::tab': cannot access protected member declared in class 'Generator'
  c:\users\zieiony\documents\github\okaktualny\optymalkombin\jobshop\jobshop\generator.h(33): note: see declaration of 'Generator::tab'
  c:\users\zieiony\documents\github\okaktualny\optymalkombin\jobshop\jobshop\generator.h(5): note: see declaration of 'Generator'
c:\users\zieiony\documents\github\okaktualny\optymalkombin\jobshop\jobshop\mutation.cpp(42): error C2248: 'Generator::tab': cannot access protected member declared in class 'Generator'
  c:\users\zieiony\documents\github\okaktualny\optymalkombin\jobshop\jobshop\generator.h(33): note: see declaration of 'Generator::tab'
  c:\users\zieiony\documents\github\okaktualny\optymalkombin\jobshop\jobshop\generator.h(5): note: see declaration of 'Generator'
c:\users\zieiony\documents\github\okaktualny\optymalkombin\jobshop\jobshop\mutation.cpp(42): warning C4018: '<': signed/unsigned mismatch
c:\users\zieiony\documents\github\okaktualny\optymalkombin\jobshop\jobshop\mutation.cpp(44): error C2248: 'Generator::tab': cannot access protected member declared in class 'Generator'
  c:\users\zieiony\documents\github\okaktualny\optymalkombin\jobshop\jobshop\generator.h(33): note: see declaration of 'Generator::tab'
  c:\users\zieiony\documents\github\okaktualny\optymalkombin\jobshop\jobshop\generator.h(5): note: see declaration of 'Generator'
c:\users\zieiony\documents\github\okaktualny\optymalkombin\jobshop\jobshop\mutation.cpp(45): error C2248: 'Generator::tab': cannot access protected member declared in class 'Generator'
  c:\users\zieiony\documents\github\okaktualny\optymalkombin\jobshop\jobshop\generator.h(33): note: see declaration of 'Generator::tab'
  c:\users\zieiony\documents\github\okaktualny\optymalkombin\jobshop\jobshop\generator.h(5): note: see declaration of 'Generator'
c:\users\zieiony\documents\github\okaktualny\optymalkombin\jobshop\jobshop\mutation.cpp(48): error C2248: 'Generator::tab': cannot access protected member declared in class 'Generator'
  c:\users\zieiony\documents\github\okaktualny\optymalkombin\jobshop\jobshop\generator.h(33): note: see declaration of 'Generator::tab'
  c:\users\zieiony\documents\github\okaktualny\optymalkombin\jobshop\jobshop\generator.h(5): note: see declaration of 'Generator'
c:\users\zieiony\documents\github\okaktualny\optymalkombin\jobshop\jobshop\mutation.cpp(54): error C2248: 'Generator::tab': cannot access protected member declared in class 'Generator'
  c:\users\zieiony\documents\github\okaktualny\optymalkombin\jobshop\jobshop\generator.h(33): note: see declaration of 'Generator::tab'
  c:\users\zieiony\documents\github\okaktualny\optymalkombin\jobshop\jobshop\generator.h(5): note: see declaration of 'Generator'
c:\users\zieiony\documents\github\okaktualny\optymalkombin\jobshop\jobshop\mutation.cpp(54): warning C4018: '<': signed/unsigned mismatch
c:\users\zieiony\documents\github\okaktualny\optymalkombin\jobshop\jobshop\mutation.cpp(56): error C2248: 'Generator::tab': cannot access protected member declared in class 'Generator'
  c:\users\zieiony\documents\github\okaktualny\optymalkombin\jobshop\jobshop\generator.h(33): note: see declaration of 'Generator::tab'
  c:\users\zieiony\documents\github\okaktualny\optymalkombin\jobshop\jobshop\generator.h(5): note: see declaration of 'Generator'
c:\users\zieiony\documents\github\okaktualny\optymalkombin\jobshop\jobshop\mutation.cpp(57): error C2248: 'Generator::tab': cannot access protected member declared in class 'Generator'
  c:\users\zieiony\documents\github\okaktualny\optymalkombin\jobshop\jobshop\generator.h(33): note: see declaration of 'Generator::tab'
  c:\users\zieiony\documents\github\okaktualny\optymalkombin\jobshop\jobshop\generator.h(5): note: see declaration of 'Generator'
c:\users\zieiony\documents\github\okaktualny\optymalkombin\jobshop\jobshop\mutation.cpp(60): error C2248: 'Generator::tab': cannot access protected member declared in class 'Generator'
  c:\users\zieiony\documents\github\okaktualny\optymalkombin\jobshop\jobshop\generator.h(33): note: see declaration of 'Generator::tab'
  c:\users\zieiony\documents\github\okaktualny\optymalkombin\jobshop\jobshop\generator.h(5): note: see declaration of 'Generator'
c:\users\zieiony\documents\github\okaktualny\optymalkombin\jobshop\jobshop\mutation.cpp(66): error C2248: 'Generator::tab': cannot access protected member declared in class 'Generator'
  c:\users\zieiony\documents\github\okaktualny\optymalkombin\jobshop\jobshop\generator.h(33): note: see declaration of 'Generator::tab'
  c:\users\zieiony\documents\github\okaktualny\optymalkombin\jobshop\jobshop\generator.h(5): note: see declaration of 'Generator'
c:\users\zieiony\documents\github\okaktualny\optymalkombin\jobshop\jobshop\mutation.cpp(66): warning C4018: '<': signed/unsigned mismatch
c:\users\zieiony\documents\github\okaktualny\optymalkombin\jobshop\jobshop\mutation.cpp(67): error C2248: 'Generator::tab': cannot access protected member declared in class 'Generator'
  c:\users\zieiony\documents\github\okaktualny\optymalkombin\jobshop\jobshop\generator.h(33): note: see declaration of 'Generator::tab'
  c:\users\zieiony\documents\github\okaktualny\optymalkombin\jobshop\jobshop\generator.h(5): note: see declaration of 'Generator'
c:\users\zieiony\documents\github\okaktualny\optymalkombin\jobshop\jobshop\mutation.cpp(148): error C2248: 'Generator::tab': cannot access protected member declared in class 'Generator'
  c:\users\zieiony\documents\github\okaktualny\optymalkombin\jobshop\jobshop\generator.h(33): note: see declaration of 'Generator::tab'
  c:\users\zieiony\documents\github\okaktualny\optymalkombin\jobshop\jobshop\generator.h(5): note: see declaration of 'Generator'
c:\users\zieiony\documents\github\okaktualny\optymalkombin\jobshop\jobshop\mutation.cpp(151): error C2248: 'Generator::tab': cannot access protected member declared in class 'Generator'
  c:\users\zieiony\documents\github\okaktualny\optymalkombin\jobshop\jobshop\generator.h(33): note: see declaration of 'Generator::tab'
  c:\users\zieiony\documents\github\okaktualny\optymalkombin\jobshop\jobshop\generator.h(5): note: see declaration of 'Generator'
c:\users\zieiony\documents\github\okaktualny\optymalkombin\jobshop\jobshop\mutation.cpp(152): error C2248: 'Generator::tab': cannot access protected member declared in class 'Generator'
  c:\users\zieiony\documents\github\okaktualny\optymalkombin\jobshop\jobshop\generator.h(33): note: see declaration of 'Generator::tab'
  c:\users\zieiony\documents\github\okaktualny\optymalkombin\jobshop\jobshop\generator.h(5): note: see declaration of 'Generator'
c:\users\zieiony\documents\github\okaktualny\optymalkombin\jobshop\jobshop\mutation.cpp(167): error C2248: 'Generator::tab': cannot access protected member declared in class 'Generator'
  c:\users\zieiony\documents\github\okaktualny\optymalkombin\jobshop\jobshop\generator.h(33): note: see declaration of 'Generator::tab'
  c:\users\zieiony\documents\github\okaktualny\optymalkombin\jobshop\jobshop\generator.h(5): note: see declaration of 'Generator'
c:\users\zieiony\documents\github\okaktualny\optymalkombin\jobshop\jobshop\mutation.cpp(189): error C2248: 'Generator::tab': cannot access protected member declared in class 'Generator'
  c:\users\zieiony\documents\github\okaktualny\optymalkombin\jobshop\jobshop\generator.h(33): note: see declaration of 'Generator::tab'
  c:\users\zieiony\documents\github\okaktualny\optymalkombin\jobshop\jobshop\generator.h(5): note: see declaration of 'Generator'
c:\users\zieiony\documents\github\okaktualny\optymalkombin\jobshop\jobshop\mutation.cpp(192): error C2248: 'Generator::tab': cannot access protected member declared in class 'Generator'
  c:\users\zieiony\documents\github\okaktualny\optymalkombin\jobshop\jobshop\generator.h(33): note: see declaration of 'Generator::tab'
  c:\users\zieiony\documents\github\okaktualny\optymalkombin\jobshop\jobshop\generator.h(5): note: see declaration of 'Generator'
c:\users\zieiony\documents\github\okaktualny\optymalkombin\jobshop\jobshop\mutation.cpp(193): error C2248: 'Generator::tab': cannot access protected member declared in class 'Generator'
  c:\users\zieiony\documents\github\okaktualny\optymalkombin\jobshop\jobshop\generator.h(33): note: see declaration of 'Generator::tab'
  c:\users\zieiony\documents\github\okaktualny\optymalkombin\jobshop\jobshop\generator.h(5): note: see declaration of 'Generator'
c:\users\zieiony\documents\github\okaktualny\optymalkombin\jobshop\jobshop\mutation.cpp(208): error C2248: 'Generator::tab': cannot access protected member declared in class 'Generator'
  c:\users\zieiony\documents\github\okaktualny\optymalkombin\jobshop\jobshop\generator.h(33): note: see declaration of 'Generator::tab'
  c:\users\zieiony\documents\github\okaktualny\optymalkombin\jobshop\jobshop\generator.h(5): note: see declaration of 'Generator'
  Selection.cpp
  Readytime.cpp
c:\users\zieiony\documents\github\okaktualny\optymalkombin\jobshop\jobshop\readytime.cpp(7): warning C4244: 'argument': conversion from 'time_t' to 'unsigned int', possible loss of data
c:\users\zieiony\documents\github\okaktualny\optymalkombin\jobshop\jobshop\readytime.cpp(15): warning C4244: '=': conversion from 'double' to 'int', possible loss of data
c:\users\zieiony\documents\github\okaktualny\optymalkombin\jobshop\jobshop\readytime.cpp(17): warning C4018: '<=': signed/unsigned mismatch
c:\users\zieiony\documents\github\okaktualny\optymalkombin\jobshop\jobshop\readytime.cpp(19): warning C4244: '=': conversion from 'double' to 'int', possible loss of data
  PrintableResult.cpp
  JobShop.cpp
c:\users\zieiony\documents\github\okaktualny\optymalkombin\jobshop\jobshop\jobshop.cpp(8): warning C4244: 'argument': conversion from 'time_t' to 'unsigned int', possible loss of data
  Generator.cpp
c:\users\zieiony\documents\github\okaktualny\optymalkombin\jobshop\jobshop\generator.cpp(73): warning C4018: '<': signed/unsigned mismatch
  Crossover.cpp
c:\users\zieiony\documents\github\okaktualny\optymalkombin\jobshop\jobshop\crossover.cpp(53): warning C4018: '<': signed/unsigned mismatch
  Generating Code...
